Login fail umsi@umich.edu a7d05d31d605d8af8a6be3bab995c433
Login fail dasd@dadsa de9b5def67123fe12744e0c48f585c40
Login fail budi@gmail.com f162ac2f8c0edfa098b12ebd739d82e3
Login fail budi@gmail.com f162ac2f8c0edfa098b12ebd739d82e3
Login fail budi@gmail.com f162ac2f8c0edfa098b12ebd739d82e3
Login fail budi@gmail.com f162ac2f8c0edfa098b12ebd739d82e3
Login fail budi@gmail.com f162ac2f8c0edfa098b12ebd739d82e3
Login fail budi@gmail.com f162ac2f8c0edfa098b12ebd739d82e3
Login fail budi@gmail.com f162ac2f8c0edfa098b12ebd739d82e3
Login fail budi@gmail.com f162ac2f8c0edfa098b12ebd739d82e3
Login fail budi@gmail.com f162ac2f8c0edfa098b12ebd739d82e3
Login fail sada@dsa 62bcd19cf46ce0652304e21c02076966
Login fail budi@gmail.com f162ac2f8c0edfa098b12ebd739d82e3
Login fail budi@gmail.com f162ac2f8c0edfa098b12ebd739d82e3
Login fail budi@gmail.com f162ac2f8c0edfa098b12ebd739d82e3
Login fail asdas@dasda 8c87f52602340c1dfa423781c4d6d7ae
Login fail budi@gmail.com f162ac2f8c0edfa098b12ebd739d82e3
Login fail budi@gmail.com f162ac2f8c0edfa098b12ebd739d82e3
Login fail budi@gmail.com f162ac2f8c0edfa098b12ebd739d82e3
Login fail budi@gmail.com f162ac2f8c0edfa098b12ebd739d82e3
Login success budi@gmail.com
Login fail budi@gmail.com f162ac2f8c0edfa098b12ebd739d82e3
Login fail budi@gmail.com f162ac2f8c0edfa098b12ebd739d82e3
Login success budi@gmail.com
Login fail budi@gmail.com f162ac2f8c0edfa098b12ebd739d82e3
Login fail budi@gmail.com f162ac2f8c0edfa098b12ebd739d82e3
Login fail budi@gmail.com f162ac2f8c0edfa098b12ebd739d82e3
Login fail budi@gmail.com f162ac2f8c0edfa098b12ebd739d82e3
Login fail budi@gmail.com a83a6f28867e99e66f7dd41347ff27c7
Login fail budi@gmail.com a83a6f28867e99e66f7dd41347ff27c7
Login fail budi@gmail.com a83a6f28867e99e66f7dd41347ff27c7
Login success budi@gmail.com
Login fail asdasd@sadas 377aa0db17271274d22a45b20642fa16
Login fail asdasd@sadasd 3870c30f0e9c9d00aff76ccdd1bdef0a
Login fail dsad@dasd 3870c30f0e9c9d00aff76ccdd1bdef0a
Login fail asdas@a 62bcd19cf46ce0652304e21c02076966
Login success budi@gmail.com
Login success budi@gmail.com
Login success budi@gmail.com
Login success budi@gmail.com
Login success budi@gmail.com
Login success budi@gmail.com
Login success budi@gmail.com
Login success budi@gmail.com
Login success budi@gmail.com
Login success budi@gmail.com
Login success muhammadhaikalrahman81@gmail.com
Login success muhammadhaikalrahman81@gmail.com
Login fail muhammadhaikalrahman81@gmail.com cc4d423e83dbfa898b2369c94dea7c37
Login success muhammadhaikalrahman81@gmail.com
Login success muhammadhaikalrahman81@gmail.com
Login success muhammadhaikalrahman81@gmail.com
Login success a@a
Login success muhammadhaikalrahman81@gmail.com
Login fail budi@gmail.com 1f15d4f8377e02dde7a2fd2fad4b5940
Login success muhammadhaikalrahman81@gmail.com
Login fail budi@gmail.com 1f15d4f8377e02dde7a2fd2fad4b5940
Login fail budi@gmail.com f162ac2f8c0edfa098b12ebd739d82e3
Login success budi@gmail.com
Login success muhammadhaikalrahman81@gmail.com
Login success muhammadhaikalrahman81@gmail.com
Login success muhammadhaikalrahman81@gmail.com
Login fail muhammadhaikalrahman81@gmail.com 26b4cd5e62a3134f66839924b5e2faf5
Login success muhammadhaikalrahman81@gmail.com
Login fail muhammadhaikalrahman81@gmail.com 8c658c8aa8d7586490b9219b84379e9d
Login fail budi@budi a83a6f28867e99e66f7dd41347ff27c7
Login fail budi@budi 1f15d4f8377e02dde7a2fd2fad4b5940
Login fail muhammadhaikalrahman81@gmail.com a1a008e93890bb8e767f21d7afe483af
Login success muhammadhaikalrahman81@gmail.com
Login success asu1@a
Login success aosdnasoid@gmail.cm
Login fail muhammadhaikalrahman81@gmail.com b0e4a3be424cdb77976cbf727a976802
Login success muhammadhaikalrahman81@gmail.com
Login success muhammadhaikalrahman81@gmail.com
Login success muhammadhaikalrahman81@gmail.com
Login fail budi@budi 1f15d4f8377e02dde7a2fd2fad4b5940
Login fail budi@budi 1f15d4f8377e02dde7a2fd2fad4b5940
Login fail budi@budi a83a6f28867e99e66f7dd41347ff27c7
Login success 1@1
Login success muhammadhaikalrahman81@gmail.com
Login success muhammadhaikalrahman81@gmail.com
Login success muhammadhaikalrahman81@gmail.com
Login success muhammadhaikalrahman81@gmail.com
Login success muhammadhaikalrahman81@gmail.com
Login success muhammadhaikalrahman81@gmail.com
Login success muhammadhaikalrahman81@gmail.com
